[debug] [2025-12-08T02:26:20.102Z] ----------------------------------------------------------------------
[debug] [2025-12-08T02:26:20.111Z] Command:       C:\Program Files\nodejs\node.exe C:\Users\T460\AppData\Roaming\npm\node_modules\firebase-tools\lib\bin\firebase.js init hosting
[debug] [2025-12-08T02:26:20.112Z] CLI Version:   14.27.0
[debug] [2025-12-08T02:26:20.113Z] Platform:      win32
[debug] [2025-12-08T02:26:20.113Z] Node Version:  v22.18.0
[debug] [2025-12-08T02:26:20.114Z] Time:          Sun Dec 07 2025 23:26:20 GMT-0300 (hora estándar de Argentina)
[debug] [2025-12-08T02:26:20.115Z] ----------------------------------------------------------------------
[debug] 
[info] 
     ######## #### ########  ######## ########     ###     ######  ########
     ##        ##  ##     ## ##       ##     ##  ##   ##  ##       ##
     ######    ##  ########  ######   ########  #########  ######  ######
     ##        ##  ##    ##  ##       ##     ## ##     ##       ## ##
     ##       #### ##     ## ######## ########  ##     ##  ######  ########

You're about to initialize a Firebase project in this directory:

  C:\Users\T460\Documents\SocialNetwork

[info] 
=== Project Setup
[info] 
[info] First, let's associate this project directory with a Firebase project.
[info] You can create multiple project aliases by running firebase use --add, 
[info] 
[debug] [2025-12-08T02:26:34.581Z] > command requires scopes: ["email","openid","https://www.googleapis.com/auth/cloudplatformprojects.readonly","https://www.googleapis.com/auth/firebase","https://www.googleapis.com/auth/cloud-platform"]
[debug] [2025-12-08T02:26:34.582Z] > authorizing via signed-in user (nittigerman@gmail.com)
[debug] [2025-12-08T02:26:34.589Z] Checked if tokens are valid: true, expires at: 1765164281027
[debug] [2025-12-08T02:26:34.590Z] Checked if tokens are valid: true, expires at: 1765164281027
[debug] [2025-12-08T02:26:34.595Z] >>> [apiv2][query] GET https://firebase.googleapis.com/v1beta1/projects pageSize=100
[debug] [2025-12-08T02:26:35.501Z] <<< [apiv2][status] GET https://firebase.googleapis.com/v1beta1/projects 200
[debug] [2025-12-08T02:26:35.501Z] <<< [apiv2][body] GET https://firebase.googleapis.com/v1beta1/projects [omitted]
[info] 
=== Hosting Setup
[debug] [2025-12-08T02:26:37.932Z] Checked if tokens are valid: true, expires at: 1765164281027
[debug] [2025-12-08T02:26:37.933Z] Checked if tokens are valid: true, expires at: 1765164281027
[debug] [2025-12-08T02:26:37.933Z] >>> [apiv2][query] GET https://firebase.googleapis.com/v1beta1/projects/socialnetwork-ed0ab [none]
[debug] [2025-12-08T02:26:38.226Z] <<< [apiv2][status] GET https://firebase.googleapis.com/v1beta1/projects/socialnetwork-ed0ab 200
[debug] [2025-12-08T02:26:38.226Z] <<< [apiv2][body] GET https://firebase.googleapis.com/v1beta1/projects/socialnetwork-ed0ab {"projectId":"socialnetwork-ed0ab","projectNumber":"397336507464","displayName":"SocialNetwork","name":"projects/socialnetwork-ed0ab","resources":{"hostingSite":"socialnetwork-ed0ab"},"state":"ACTIVE","etag":"1_829614e0-c168-4e8f-a2e0-23342c8ca5da"}
[info] 
[info] Your public directory is the folder (relative to your project directory) that
[info] will contain Hosting assets to be uploaded with firebase deploy. If you
[info] have a build process for your assets, use your build's output directory.
[info] 
[info] 
[info] i  Detected a .git folder at C:\Users\T460\Documents\SocialNetwork 
[info] i  Authorizing with GitHub to upload your service account to a GitHub repository's secrets store. 
[info] 
[info] Visit this URL on this device to log in:
[info] https://github.com/login/oauth/authorize?client_id=89cf50f02ac6aaed3484&state=855521312&redirect_uri=http%3A%2F%2Flocalhost%3A9005&scope=read%3Auser%20repo%20public_repo
[info] 
[info] Waiting for authentication...
[debug] [2025-12-08T02:27:38.712Z] >>> [apiv2][query] POST https://github.com/login/oauth/access_token [none]
[debug] [2025-12-08T02:27:38.712Z] >>> [apiv2][body] POST https://github.com/login/oauth/access_token [stream]
[debug] [2025-12-08T02:27:39.083Z] <<< [apiv2][status] POST https://github.com/login/oauth/access_token 200
[debug] [2025-12-08T02:27:39.084Z] <<< [apiv2][body] POST https://github.com/login/oauth/access_token {"access_token":"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","token_type":"bearer","scope":"read:user,repo"}
[debug] [2025-12-08T02:27:39.097Z] >>> [apiv2][query] GET https://api.github.com/user [none]
[debug] [2025-12-08T02:27:39.551Z] <<< [apiv2][status] GET https://api.github.com/user 200
[debug] [2025-12-08T02:27:39.552Z] <<< [apiv2][body] GET https://api.github.com/user {"login":"GermanNitti","id":131893520,"node_id":"U_kgDOB9yJEA","avatar_url":"https://avatars.githubusercontent.com/u/131893520?v=4","gravatar_id":"","url":"https://api.github.com/users/GermanNitti","html_url":"https://github.com/GermanNitti","followers_url":"https://api.github.com/users/GermanNitti/followers","following_url":"https://api.github.com/users/GermanNitti/following{/other_user}","gists_url":"https://api.github.com/users/GermanNitti/gists{/gist_id}","starred_url":"https://api.github.com/users/GermanNitti/starred{/owner}{/repo}","subscriptions_url":"https://api.github.com/users/GermanNitti/subscriptions","organizations_url":"https://api.github.com/users/GermanNitti/orgs","repos_url":"https://api.github.com/users/GermanNitti/repos","events_url":"https://api.github.com/users/GermanNitti/events{/privacy}","received_events_url":"https://api.github.com/users/GermanNitti/received_events","type":"User","user_view_type":"private","site_admin":false,"name":"German Alejandro Ruiz","company":null,"blog":"","location":null,"email":null,"hireable":null,"bio":null,"twitter_username":null,"notification_email":null,"public_repos":9,"public_gists":0,"followers":4,"following":11,"created_at":"2023-04-26T15:12:21Z","updated_at":"2025-11-12T03:27:06Z","private_gists":0,"total_private_repos":18,"owned_private_repos":18,"disk_usage":150358,"collaborators":3,"two_factor_authentication":false,"plan":{"name":"free","space":976562499,"collaborators":0,"private_repos":10000}}
[info] 
[info] +  Success! Logged into GitHub as GermanNitti 
[info] 
